[debug] [2025-05-27T03:32:20.075Z] ----------------------------------------------------------------------
[debug] [2025-05-27T03:32:20.077Z] Command:       C:\nvm4w\nodejs\node.exe C:\nvm4w\nodejs\node_modules\firebase-tools\lib\bin\firebase.js deploy --only functions:sendRsvpConfirmationEmail
[debug] [2025-05-27T03:32:20.077Z] CLI Version:   14.4.0
[debug] [2025-05-27T03:32:20.077Z] Platform:      win32
[debug] [2025-05-27T03:32:20.077Z] Node Version:  v20.19.1
[debug] [2025-05-27T03:32:20.077Z] Time:          Mon May 26 2025 23:32:20 GMT-0400 (Eastern Daylight Saving Time)
[debug] [2025-05-27T03:32:20.077Z] ----------------------------------------------------------------------
[debug] 
[debug] [2025-05-27T03:32:20.260Z] > command requires scopes: ["email","openid","https://www.googleapis.com/auth/cloudplatformprojects.readonly","https://www.googleapis.com/auth/firebase","https://www.googleapis.com/auth/cloud-platform"]
[debug] [2025-05-27T03:32:20.260Z] > authorizing via signed-in user (ngoel1995@gmail.com)
[debug] [2025-05-27T03:32:20.260Z] [iam] checking project wedding-website-82b88 for permissions ["cloudfunctions.functions.create","cloudfunctions.functions.delete","cloudfunctions.functions.get","cloudfunctions.functions.list","cloudfunctions.functions.update","cloudfunctions.operations.get","firebase.projects.get"]
[debug] [2025-05-27T03:32:20.261Z] Checked if tokens are valid: true, expires at: 1748318961388
[debug] [2025-05-27T03:32:20.261Z] Checked if tokens are valid: true, expires at: 1748318961388
[debug] [2025-05-27T03:32:20.262Z] >>> [apiv2][query] POST https://cloudresourcemanager.googleapis.com/v1/projects/wedding-website-82b88:testIamPermissions [none]
[debug] [2025-05-27T03:32:20.262Z] >>> [apiv2][(partial)header] POST https://cloudresourcemanager.googleapis.com/v1/projects/wedding-website-82b88:testIamPermissions x-goog-quota-user=projects/wedding-website-82b88
[debug] [2025-05-27T03:32:20.263Z] >>> [apiv2][body] POST https://cloudresourcemanager.googleapis.com/v1/projects/wedding-website-82b88:testIamPermissions {"permissions":["cloudfunctions.functions.create","cloudfunctions.functions.delete","cloudfunctions.functions.get","cloudfunctions.functions.list","cloudfunctions.functions.update","cloudfunctions.operations.get","firebase.projects.get"]}
[debug] [2025-05-27T03:32:20.501Z] <<< [apiv2][status] POST https://cloudresourcemanager.googleapis.com/v1/projects/wedding-website-82b88:testIamPermissions 200
[debug] [2025-05-27T03:32:20.502Z] <<< [apiv2][body] POST https://cloudresourcemanager.googleapis.com/v1/projects/wedding-website-82b88:testIamPermissions {"permissions":["cloudfunctions.functions.create","cloudfunctions.functions.delete","cloudfunctions.functions.get","cloudfunctions.functions.list","cloudfunctions.functions.update","cloudfunctions.operations.get","firebase.projects.get"]}
[debug] [2025-05-27T03:32:20.502Z] Checked if tokens are valid: true, expires at: 1748318961388
[debug] [2025-05-27T03:32:20.502Z] Checked if tokens are valid: true, expires at: 1748318961388
[debug] [2025-05-27T03:32:20.502Z] >>> [apiv2][query] POST https://iam.googleapis.com/v1/projects/wedding-website-82b88/serviceAccounts/wedding-website-82b88@appspot.gserviceaccount.com:testIamPermissions [none]
[debug] [2025-05-27T03:32:20.502Z] >>> [apiv2][body] POST https://iam.googleapis.com/v1/projects/wedding-website-82b88/serviceAccounts/wedding-website-82b88@appspot.gserviceaccount.com:testIamPermissions {"permissions":["iam.serviceAccounts.actAs"]}
[debug] [2025-05-27T03:32:20.714Z] <<< [apiv2][status] POST https://iam.googleapis.com/v1/projects/wedding-website-82b88/serviceAccounts/wedding-website-82b88@appspot.gserviceaccount.com:testIamPermissions 200
[debug] [2025-05-27T03:32:20.714Z] <<< [apiv2][body] POST https://iam.googleapis.com/v1/projects/wedding-website-82b88/serviceAccounts/wedding-website-82b88@appspot.gserviceaccount.com:testIamPermissions {"permissions":["iam.serviceAccounts.actAs"]}
[info] 
[info] === Deploying to 'wedding-website-82b88'...
[info] 
[info] i  deploying functions 
[info] Running command: npm --prefix "$RESOURCE_DIR" run lint
[info] Running command: npm --prefix "$RESOURCE_DIR" run build
[info] +  functions: Finished running predeploy script. 
[debug] [2025-05-27T03:32:23.566Z] Checked if tokens are valid: true, expires at: 1748318961388
[debug] [2025-05-27T03:32:23.566Z] Checked if tokens are valid: true, expires at: 1748318961388
[debug] [2025-05-27T03:32:23.566Z] >>> [apiv2][query] GET https://serviceusage.googleapis.com/v1/projects/wedding-website-82b88/services/cloudresourcemanager.googleapis.com [none]
[debug] [2025-05-27T03:32:23.566Z] >>> [apiv2][(partial)header] GET https://serviceusage.googleapis.com/v1/projects/wedding-website-82b88/services/cloudresourcemanager.googleapis.com x-goog-quota-user=projects/wedding-website-82b88
[debug] [2025-05-27T03:32:23.926Z] <<< [apiv2][status] GET https://serviceusage.googleapis.com/v1/projects/wedding-website-82b88/services/cloudresourcemanager.googleapis.com 200
[debug] [2025-05-27T03:32:23.926Z] <<< [apiv2][body] GET https://serviceusage.googleapis.com/v1/projects/wedding-website-82b88/services/cloudresourcemanager.googleapis.com [omitted]
[debug] [2025-05-27T03:32:23.926Z] Checked if tokens are valid: true, expires at: 1748318961388
[debug] [2025-05-27T03:32:23.926Z] Checked if tokens are valid: true, expires at: 1748318961388
[debug] [2025-05-27T03:32:23.927Z] >>> [apiv2][query] GET https://cloudresourcemanager.googleapis.com/v1/projects/wedding-website-82b88 [none]
[debug] [2025-05-27T03:32:23.996Z] <<< [apiv2][status] GET https://cloudresourcemanager.googleapis.com/v1/projects/wedding-website-82b88 200
[debug] [2025-05-27T03:32:23.996Z] <<< [apiv2][body] GET https://cloudresourcemanager.googleapis.com/v1/projects/wedding-website-82b88 {"projectNumber":"483683771975","projectId":"wedding-website-82b88","lifecycleState":"ACTIVE","name":"wedding-website","labels":{"firebase":"enabled","firebase-core":"disabled"},"createTime":"2025-05-13T14:40:44.283575Z"}
[info] i  functions: preparing codebase default for deployment 
[info] i  functions: ensuring required API cloudfunctions.googleapis.com is enabled... 
[debug] [2025-05-27T03:32:23.998Z] Checked if tokens are valid: true, expires at: 1748318961388
[debug] [2025-05-27T03:32:23.998Z] Checked if tokens are valid: true, expires at: 1748318961388
[debug] [2025-05-27T03:32:23.998Z] Checked if tokens are valid: true, expires at: 1748318961388
[debug] [2025-05-27T03:32:23.998Z] Checked if tokens are valid: true, expires at: 1748318961388
[info] i  functions: ensuring required API cloudbuild.googleapis.com is enabled... 
[debug] [2025-05-27T03:32:23.998Z] Checked if tokens are valid: true, expires at: 1748318961388
[debug] [2025-05-27T03:32:23.998Z] Checked if tokens are valid: true, expires at: 1748318961388
[info] i  artifactregistry: ensuring required API artifactregistry.googleapis.com is enabled... 
[debug] [2025-05-27T03:32:23.999Z] Checked if tokens are valid: true, expires at: 1748318961388
[debug] [2025-05-27T03:32:23.999Z] Checked if tokens are valid: true, expires at: 1748318961388
[debug] [2025-05-27T03:32:23.999Z] >>> [apiv2][query] GET https://serviceusage.googleapis.com/v1/projects/wedding-website-82b88/services/cloudfunctions.googleapis.com [none]
[debug] [2025-05-27T03:32:23.999Z] >>> [apiv2][(partial)header] GET https://serviceusage.googleapis.com/v1/projects/wedding-website-82b88/services/cloudfunctions.googleapis.com x-goog-quota-user=projects/wedding-website-82b88
[debug] [2025-05-27T03:32:23.999Z] >>> [apiv2][query] GET https://serviceusage.googleapis.com/v1/projects/wedding-website-82b88/services/runtimeconfig.googleapis.com [none]
[debug] [2025-05-27T03:32:23.999Z] >>> [apiv2][(partial)header] GET https://serviceusage.googleapis.com/v1/projects/wedding-website-82b88/services/runtimeconfig.googleapis.com x-goog-quota-user=projects/wedding-website-82b88
[debug] [2025-05-27T03:32:24.001Z] >>> [apiv2][query] GET https://serviceusage.googleapis.com/v1/projects/wedding-website-82b88/services/cloudbuild.googleapis.com [none]
[debug] [2025-05-27T03:32:24.001Z] >>> [apiv2][(partial)header] GET https://serviceusage.googleapis.com/v1/projects/wedding-website-82b88/services/cloudbuild.googleapis.com x-goog-quota-user=projects/wedding-website-82b88
[debug] [2025-05-27T03:32:24.002Z] >>> [apiv2][query] GET https://serviceusage.googleapis.com/v1/projects/wedding-website-82b88/services/artifactregistry.googleapis.com [none]
[debug] [2025-05-27T03:32:24.002Z] >>> [apiv2][(partial)header] GET https://serviceusage.googleapis.com/v1/projects/wedding-website-82b88/services/artifactregistry.googleapis.com x-goog-quota-user=projects/wedding-website-82b88
[debug] [2025-05-27T03:32:24.239Z] <<< [apiv2][status] GET https://serviceusage.googleapis.com/v1/projects/wedding-website-82b88/services/cloudfunctions.googleapis.com 200
[debug] [2025-05-27T03:32:24.239Z] <<< [apiv2][body] GET https://serviceusage.googleapis.com/v1/projects/wedding-website-82b88/services/cloudfunctions.googleapis.com [omitted]
[info] +  functions: required API cloudfunctions.googleapis.com is enabled 
[debug] [2025-05-27T03:32:24.251Z] <<< [apiv2][status] GET https://serviceusage.googleapis.com/v1/projects/wedding-website-82b88/services/runtimeconfig.googleapis.com 200
[debug] [2025-05-27T03:32:24.251Z] <<< [apiv2][body] GET https://serviceusage.googleapis.com/v1/projects/wedding-website-82b88/services/runtimeconfig.googleapis.com [omitted]
[debug] [2025-05-27T03:32:24.255Z] <<< [apiv2][status] GET https://serviceusage.googleapis.com/v1/projects/wedding-website-82b88/services/cloudbuild.googleapis.com 200
[debug] [2025-05-27T03:32:24.255Z] <<< [apiv2][body] GET https://serviceusage.googleapis.com/v1/projects/wedding-website-82b88/services/cloudbuild.googleapis.com [omitted]
[info] +  functions: required API cloudbuild.googleapis.com is enabled 
[debug] [2025-05-27T03:32:24.257Z] <<< [apiv2][status] GET https://serviceusage.googleapis.com/v1/projects/wedding-website-82b88/services/artifactregistry.googleapis.com 200
[debug] [2025-05-27T03:32:24.257Z] <<< [apiv2][body] GET https://serviceusage.googleapis.com/v1/projects/wedding-website-82b88/services/artifactregistry.googleapis.com [omitted]
[info] +  artifactregistry: required API artifactregistry.googleapis.com is enabled 
[debug] [2025-05-27T03:32:24.257Z] Checked if tokens are valid: true, expires at: 1748318961388
[debug] [2025-05-27T03:32:24.257Z] Checked if tokens are valid: true, expires at: 1748318961388
[debug] [2025-05-27T03:32:24.258Z] >>> [apiv2][query] GET https://firebase.googleapis.com/v1beta1/projects/wedding-website-82b88/adminSdkConfig [none]
[debug] [2025-05-27T03:32:24.740Z] <<< [apiv2][status] GET https://firebase.googleapis.com/v1beta1/projects/wedding-website-82b88/adminSdkConfig 200
[debug] [2025-05-27T03:32:24.740Z] <<< [apiv2][body] GET https://firebase.googleapis.com/v1beta1/projects/wedding-website-82b88/adminSdkConfig {"projectId":"wedding-website-82b88","databaseURL":"https://wedding-website-82b88-default-rtdb.firebaseio.com","storageBucket":"wedding-website-82b88.firebasestorage.app"}
[debug] [2025-05-27T03:32:24.741Z] Checked if tokens are valid: true, expires at: 1748318961388
[debug] [2025-05-27T03:32:24.741Z] Checked if tokens are valid: true, expires at: 1748318961388
[debug] [2025-05-27T03:32:24.741Z] >>> [apiv2][query] GET https://runtimeconfig.googleapis.com/v1beta1/projects/wedding-website-82b88/configs [none]
[debug] [2025-05-27T03:32:24.879Z] <<< [apiv2][status] GET https://runtimeconfig.googleapis.com/v1beta1/projects/wedding-website-82b88/configs 200
[debug] [2025-05-27T03:32:24.879Z] <<< [apiv2][body] GET https://runtimeconfig.googleapis.com/v1beta1/projects/wedding-website-82b88/configs {"configs":[{"name":"projects/wedding-website-82b88/configs/gmail"}]}
[debug] [2025-05-27T03:32:24.879Z] Checked if tokens are valid: true, expires at: 1748318961388
[debug] [2025-05-27T03:32:24.879Z] Checked if tokens are valid: true, expires at: 1748318961388
[debug] [2025-05-27T03:32:24.880Z] >>> [apiv2][query] GET https://runtimeconfig.googleapis.com/v1beta1/projects/wedding-website-82b88/configs/gmail/variables [none]
[debug] [2025-05-27T03:32:24.989Z] <<< [apiv2][status] GET https://runtimeconfig.googleapis.com/v1beta1/projects/wedding-website-82b88/configs/gmail/variables 200
[debug] [2025-05-27T03:32:24.989Z] <<< [apiv2][body] GET https://runtimeconfig.googleapis.com/v1beta1/projects/wedding-website-82b88/configs/gmail/variables {"variables":[{"name":"projects/wedding-website-82b88/configs/gmail/variables/password","updateTime":"2025-05-26T19:46:16.169300085Z"},{"name":"projects/wedding-website-82b88/configs/gmail/variables/email","updateTime":"2025-05-26T19:45:51.645823338Z"}]}
[debug] [2025-05-27T03:32:24.989Z] Checked if tokens are valid: true, expires at: 1748318961388
[debug] [2025-05-27T03:32:24.990Z] Checked if tokens are valid: true, expires at: 1748318961388
[debug] [2025-05-27T03:32:24.990Z] Checked if tokens are valid: true, expires at: 1748318961388
[debug] [2025-05-27T03:32:24.990Z] Checked if tokens are valid: true, expires at: 1748318961388
[debug] [2025-05-27T03:32:24.990Z] >>> [apiv2][query] GET https://runtimeconfig.googleapis.com/v1beta1/projects/wedding-website-82b88/configs/gmail/variables/password [none]
[debug] [2025-05-27T03:32:24.990Z] >>> [apiv2][query] GET https://runtimeconfig.googleapis.com/v1beta1/projects/wedding-website-82b88/configs/gmail/variables/email [none]
[debug] [2025-05-27T03:32:25.089Z] <<< [apiv2][status] GET https://runtimeconfig.googleapis.com/v1beta1/projects/wedding-website-82b88/configs/gmail/variables/password 200
[debug] [2025-05-27T03:32:25.089Z] <<< [apiv2][body] GET https://runtimeconfig.googleapis.com/v1beta1/projects/wedding-website-82b88/configs/gmail/variables/password {"name":"projects/wedding-website-82b88/configs/gmail/variables/password","updateTime":"2025-05-26T19:46:16.169300085Z","text":"ckgy dyll kocp juzq"}
[debug] [2025-05-27T03:32:25.122Z] <<< [apiv2][status] GET https://runtimeconfig.googleapis.com/v1beta1/projects/wedding-website-82b88/configs/gmail/variables/email 200
[debug] [2025-05-27T03:32:25.122Z] <<< [apiv2][body] GET https://runtimeconfig.googleapis.com/v1beta1/projects/wedding-website-82b88/configs/gmail/variables/email {"name":"projects/wedding-website-82b88/configs/gmail/variables/email","updateTime":"2025-05-26T19:45:51.645823338Z","text":"neilandchels@gmail.com"}
[debug] [2025-05-27T03:32:25.123Z] Validating nodejs source
[debug] [2025-05-27T03:32:25.762Z] > [functions] package.json contents: {
  "name": "functions",
  "scripts": {
    "lint": "echo Skipping lint for deployment",
    "build": "tsc",
    "build:watch": "tsc --watch",
    "serve": "npm run build && firebase emulators:start --only functions",
    "shell": "npm run build && firebase functions:shell",
    "start": "npm run shell",
    "deploy": "firebase deploy --only functions",
    "logs": "firebase functions:log"
  },
  "engines": {
    "node": "20"
  },
  "main": "lib/index.js",
  "dependencies": {
    "firebase-admin": "^12.6.0",
    "firebase-functions": "^6.0.1",
    "nodemailer": "^7.0.3",
    "ics": "^3.7.6"
  },
  "devDependencies": {
    "@types/nodemailer": "^6.4.17",
    "@typescript-eslint/eslint-plugin": "^5.12.0",
    "@typescript-eslint/parser": "^5.12.0",
    "eslint": "^8.9.0",
    "eslint-config-google": "^0.14.0",
    "eslint-plugin-import": "^2.25.4",
    "firebase-functions-test": "^3.1.0",
    "typescript": "^4.9.0",
    "typescript-eslint": "^7.13.0"
  },
  "private": true
}
[debug] [2025-05-27T03:32:25.762Z] Building nodejs source
[info] i  functions: Loading and analyzing source code for codebase default to determine what to deploy 
[debug] [2025-05-27T03:32:25.764Z] Could not find functions.yaml. Must use http discovery
[debug] [2025-05-27T03:32:25.771Z] Found firebase-functions binary at 'C:\Users\TTVCreamsicle\Documents\wedding-website\wedding-website-2\functions\node_modules\.bin\firebase-functions'
[info] Serving at port 8760

[debug] [2025-05-27T03:32:26.264Z] Got response from /__/functions.yaml {"endpoints":{"sendRsvpConfirmationEmail":{"platform":"gcfv1","availableMemoryMb":null,"timeoutSeconds":null,"minInstances":null,"maxInstances":null,"ingressSettings":null,"serviceAccountEmail":null,"vpc":null,"eventTrigger":{"eventType":"providers/cloud.firestore/eventTypes/document.update","eventFilters":{"resource":"projects/wedding-website-82b88/databases/(default)/documents/guests/{guestId}"},"retry":false},"labels":{},"entryPoint":"sendRsvpConfirmationEmail"}},"specVersion":"v1alpha1","requiredAPIs":[],"extensions":{}}
[info] i  extensions: ensuring required API firebaseextensions.googleapis.com is enabled... 
[debug] [2025-05-27T03:32:30.300Z] Checked if tokens are valid: true, expires at: 1748318961388
[debug] [2025-05-27T03:32:30.300Z] Checked if tokens are valid: true, expires at: 1748318961388
[debug] [2025-05-27T03:32:30.300Z] >>> [apiv2][query] GET https://serviceusage.googleapis.com/v1/projects/wedding-website-82b88/services/firebaseextensions.googleapis.com [none]
[debug] [2025-05-27T03:32:30.300Z] >>> [apiv2][(partial)header] GET https://serviceusage.googleapis.com/v1/projects/wedding-website-82b88/services/firebaseextensions.googleapis.com x-goog-quota-user=projects/wedding-website-82b88
[debug] [2025-05-27T03:32:30.639Z] <<< [apiv2][status] GET https://serviceusage.googleapis.com/v1/projects/wedding-website-82b88/services/firebaseextensions.googleapis.com 200
[debug] [2025-05-27T03:32:30.639Z] <<< [apiv2][body] GET https://serviceusage.googleapis.com/v1/projects/wedding-website-82b88/services/firebaseextensions.googleapis.com [omitted]
[info] +  extensions: required API firebaseextensions.googleapis.com is enabled 
[debug] [2025-05-27T03:32:30.640Z] > command requires scopes: ["email","openid","https://www.googleapis.com/auth/cloudplatformprojects.readonly","https://www.googleapis.com/auth/firebase","https://www.googleapis.com/auth/cloud-platform"]
[debug] [2025-05-27T03:32:30.640Z] > authorizing via signed-in user (ngoel1995@gmail.com)
[debug] [2025-05-27T03:32:30.640Z] [iam] checking project wedding-website-82b88 for permissions ["firebase.projects.get","firebaseextensions.instances.list"]
[debug] [2025-05-27T03:32:30.640Z] Checked if tokens are valid: true, expires at: 1748318961388
[debug] [2025-05-27T03:32:30.640Z] Checked if tokens are valid: true, expires at: 1748318961388
[debug] [2025-05-27T03:32:30.640Z] >>> [apiv2][query] POST https://cloudresourcemanager.googleapis.com/v1/projects/wedding-website-82b88:testIamPermissions [none]
[debug] [2025-05-27T03:32:30.640Z] >>> [apiv2][(partial)header] POST https://cloudresourcemanager.googleapis.com/v1/projects/wedding-website-82b88:testIamPermissions x-goog-quota-user=projects/wedding-website-82b88
[debug] [2025-05-27T03:32:30.640Z] >>> [apiv2][body] POST https://cloudresourcemanager.googleapis.com/v1/projects/wedding-website-82b88:testIamPermissions {"permissions":["firebase.projects.get","firebaseextensions.instances.list"]}
[debug] [2025-05-27T03:32:30.836Z] <<< [apiv2][status] POST https://cloudresourcemanager.googleapis.com/v1/projects/wedding-website-82b88:testIamPermissions 200
[debug] [2025-05-27T03:32:30.836Z] <<< [apiv2][body] POST https://cloudresourcemanager.googleapis.com/v1/projects/wedding-website-82b88:testIamPermissions {"permissions":["firebase.projects.get","firebaseextensions.instances.list"]}
[debug] [2025-05-27T03:32:30.836Z] Checked if tokens are valid: true, expires at: 1748318961388
[debug] [2025-05-27T03:32:30.837Z] Checked if tokens are valid: true, expires at: 1748318961388
[debug] [2025-05-27T03:32:30.837Z] >>> [apiv2][query] GET https://firebaseextensions.googleapis.com/v1beta/projects/wedding-website-82b88/instances pageSize=100&pageToken=
[debug] [2025-05-27T03:32:31.071Z] <<< [apiv2][status] GET https://firebaseextensions.googleapis.com/v1beta/projects/wedding-website-82b88/instances 200
[debug] [2025-05-27T03:32:31.071Z] <<< [apiv2][body] GET https://firebaseextensions.googleapis.com/v1beta/projects/wedding-website-82b88/instances {}
[info] i  functions: preparing functions directory for uploading... 
[info] i  functions: packaged C:\Users\TTVCreamsicle\Documents\wedding-website\wedding-website-2\functions (107.9 KB) for uploading 
[debug] [2025-05-27T03:32:31.107Z] Checked if tokens are valid: true, expires at: 1748318961388
[debug] [2025-05-27T03:32:31.107Z] Checked if tokens are valid: true, expires at: 1748318961388
[debug] [2025-05-27T03:32:31.107Z] >>> [apiv2][query] GET https://cloudfunctions.googleapis.com/v1/projects/wedding-website-82b88/locations/-/functions [none]
[debug] [2025-05-27T03:32:31.571Z] <<< [apiv2][status] GET https://cloudfunctions.googleapis.com/v1/projects/wedding-website-82b88/locations/-/functions 200
[debug] [2025-05-27T03:32:31.571Z] <<< [apiv2][body] GET https://cloudfunctions.googleapis.com/v1/projects/wedding-website-82b88/locations/-/functions {"functions":[{"name":"projects/wedding-website-82b88/locations/us-central1/functions/sendRsvpConfirmationEmail","eventTrigger":{"eventType":"providers/cloud.firestore/eventTypes/document.update","resource":"projects/wedding-website-82b88/databases/(default)/documents/guests/{guestId}","service":"firestore.googleapis.com","failurePolicy":{}},"status":"ACTIVE","entryPoint":"sendRsvpConfirmationEmail","timeout":"60s","availableMemoryMb":256,"serviceAccountEmail":"wedding-website-82b88@appspot.gserviceaccount.com","updateTime":"2025-05-27T03:32:14.125Z","versionId":"17","labels":{"deployment-tool":"cli-firebase","firebase-functions-hash":"52892678ed603879fb4ca71adf071b3c3ae74214"},"sourceUploadUrl":"https://storage.googleapis.com/uploads-1048617971119.us-central1.cloudfunctions.appspot.com/635090b7-b581-4b80-ba93-1deeb7505674.zip","environmentVariables":{"FIREBASE_CONFIG":"{\"projectId\":\"wedding-website-82b88\",\"databaseURL\":\"https://wedding-website-82b88-default-rtdb.firebaseio.com\",\"storageBucket\":\"wedding-website-82b88.firebasestorage.app\"}","GCLOUD_PROJECT":"wedding-website-82b88","EVENTARC_CLOUD_EVENT_SOURCE":"projects/wedding-website-82b88/locations/us-central1/functions/sendRsvpConfirmationEmail"},"runtime":"nodejs20","maxInstances":3000,"ingressSettings":"ALLOW_ALL","buildId":"63ce31d3-d3d5-4cb9-a3d2-65230014b44c","buildEnvironmentVariables":{"GOOGLE_NODE_RUN_SCRIPTS":""},"buildName":"projects/483683771975/locations/us-central1/builds/63ce31d3-d3d5-4cb9-a3d2-65230014b44c","dockerRegistry":"ARTIFACT_REGISTRY","automaticUpdatePolicy":{},"buildServiceAccount":"projects/wedding-website-82b88/serviceAccounts/483683771975-compute@developer.gserviceaccount.com","satisfiesPzi":true}]}
[debug] [2025-05-27T03:32:31.571Z] Checked if tokens are valid: true, expires at: 1748318961388
[debug] [2025-05-27T03:32:31.572Z] Checked if tokens are valid: true, expires at: 1748318961388
[debug] [2025-05-27T03:32:31.572Z] >>> [apiv2][query] GET https://cloudfunctions.googleapis.com/v2/projects/wedding-website-82b88/locations/-/functions filter=environment%3D%22GEN_2%22
[debug] [2025-05-27T03:32:31.996Z] <<< [apiv2][status] GET https://cloudfunctions.googleapis.com/v2/projects/wedding-website-82b88/locations/-/functions 200
[debug] [2025-05-27T03:32:31.996Z] <<< [apiv2][body] GET https://cloudfunctions.googleapis.com/v2/projects/wedding-website-82b88/locations/-/functions {}
[debug] [2025-05-27T03:32:31.999Z] Checked if tokens are valid: true, expires at: 1748318961388
[debug] [2025-05-27T03:32:31.999Z] Checked if tokens are valid: true, expires at: 1748318961388
[debug] [2025-05-27T03:32:31.999Z] >>> [apiv2][query] GET https://serviceusage.googleapis.com/v1/projects/wedding-website-82b88/services/cloudresourcemanager.googleapis.com [none]
[debug] [2025-05-27T03:32:31.999Z] >>> [apiv2][(partial)header] GET https://serviceusage.googleapis.com/v1/projects/wedding-website-82b88/services/cloudresourcemanager.googleapis.com x-goog-quota-user=projects/wedding-website-82b88
[debug] [2025-05-27T03:32:32.217Z] <<< [apiv2][status] GET https://serviceusage.googleapis.com/v1/projects/wedding-website-82b88/services/cloudresourcemanager.googleapis.com 200
[debug] [2025-05-27T03:32:32.217Z] <<< [apiv2][body] GET https://serviceusage.googleapis.com/v1/projects/wedding-website-82b88/services/cloudresourcemanager.googleapis.com [omitted]
[debug] [2025-05-27T03:32:32.218Z] Checked if tokens are valid: true, expires at: 1748318961388
[debug] [2025-05-27T03:32:32.218Z] Checked if tokens are valid: true, expires at: 1748318961388
[debug] [2025-05-27T03:32:32.218Z] >>> [apiv2][query] GET https://cloudresourcemanager.googleapis.com/v1/projects/wedding-website-82b88 [none]
[debug] [2025-05-27T03:32:32.278Z] <<< [apiv2][status] GET https://cloudresourcemanager.googleapis.com/v1/projects/wedding-website-82b88 200
[debug] [2025-05-27T03:32:32.278Z] <<< [apiv2][body] GET https://cloudresourcemanager.googleapis.com/v1/projects/wedding-website-82b88 {"projectNumber":"483683771975","projectId":"wedding-website-82b88","lifecycleState":"ACTIVE","name":"wedding-website","labels":{"firebase":"enabled","firebase-core":"disabled"},"createTime":"2025-05-13T14:40:44.283575Z"}
[debug] [2025-05-27T03:32:32.279Z] Checked if tokens are valid: true, expires at: 1748318961388
[debug] [2025-05-27T03:32:32.279Z] Checked if tokens are valid: true, expires at: 1748318961388
[debug] [2025-05-27T03:32:32.279Z] >>> [apiv2][query] GET https://cloudbilling.googleapis.com/v1/projects/wedding-website-82b88/billingInfo [none]
[debug] [2025-05-27T03:32:32.469Z] <<< [apiv2][status] GET https://cloudbilling.googleapis.com/v1/projects/wedding-website-82b88/billingInfo 200
[debug] [2025-05-27T03:32:32.469Z] <<< [apiv2][body] GET https://cloudbilling.googleapis.com/v1/projects/wedding-website-82b88/billingInfo {"name":"projects/wedding-website-82b88/billingInfo","projectId":"wedding-website-82b88","billingAccountName":"billingAccounts/01708C-15247D-F2B0DF","billingEnabled":true}
[debug] [2025-05-27T03:32:32.470Z] Checked if tokens are valid: true, expires at: 1748318961388
[debug] [2025-05-27T03:32:32.470Z] Checked if tokens are valid: true, expires at: 1748318961388
[debug] [2025-05-27T03:32:32.470Z] >>> [apiv2][query] POST https://cloudfunctions.googleapis.com/v1/projects/wedding-website-82b88/locations/us-central1/functions:generateUploadUrl [none]
[debug] [2025-05-27T03:32:32.470Z] >>> [apiv2][body] POST https://cloudfunctions.googleapis.com/v1/projects/wedding-website-82b88/locations/us-central1/functions:generateUploadUrl {}
[debug] [2025-05-27T03:32:32.885Z] <<< [apiv2][status] POST https://cloudfunctions.googleapis.com/v1/projects/wedding-website-82b88/locations/us-central1/functions:generateUploadUrl 200
[debug] [2025-05-27T03:32:32.885Z] <<< [apiv2][body] POST https://cloudfunctions.googleapis.com/v1/projects/wedding-website-82b88/locations/us-central1/functions:generateUploadUrl {"uploadUrl":"https://storage.googleapis.com/uploads-1048617971119.us-central1.cloudfunctions.appspot.com/4247c30e-ed96-4bcb-a369-6e3b40accc0e.zip?GoogleAccessId=service-483683771975@gcf-admin-robot.iam.gserviceaccount.com&Expires=1748318553&Signature=Ww1lVWu1OSp9XlsktogYXqGZ8Kle99StB34NxpyDk1f4QTIWBGi8RcxDccc%2BuUmLZDUjzfOnAiMsFKtYYHCJWj98DzIaNVqhwnITeD4ksTpKM4WQoAcAWpZ9GrK0LDH4BupITm2r52sx2ZrwM7bZaRqja7yK5D9yxmlPUwB0bnDnRYB8XKR0GEsKjHXAPZOYeTIa%2F9oJ8eIumaX166r3rFbkQkMY0KIISbdILU9wK0hRfMOIJWiDlfN1SbW6hALVBP6ldCWE36ti7oreBe%2F2FfQvSRxz1oij7LPciuk6U6VWJgkP2sAAgbedVHGF5FyjFXXZ%2BvGUJvhCnk%2BjiEzwcQ%3D%3D"}
[debug] [2025-05-27T03:32:32.886Z] >>> [apiv2][query] PUT https://storage.googleapis.com/uploads-1048617971119.us-central1.cloudfunctions.appspot.com/4247c30e-ed96-4bcb-a369-6e3b40accc0e.zip GoogleAccessId=service-483683771975%40gcf-admin-robot.iam.gserviceaccount.com&Expires=1748318553&Signature=Ww1lVWu1OSp9XlsktogYXqGZ8Kle99StB34NxpyDk1f4QTIWBGi8RcxDccc%2BuUmLZDUjzfOnAiMsFKtYYHCJWj98DzIaNVqhwnITeD4ksTpKM4WQoAcAWpZ9GrK0LDH4BupITm2r52sx2ZrwM7bZaRqja7yK5D9yxmlPUwB0bnDnRYB8XKR0GEsKjHXAPZOYeTIa%2F9oJ8eIumaX166r3rFbkQkMY0KIISbdILU9wK0hRfMOIJWiDlfN1SbW6hALVBP6ldCWE36ti7oreBe%2F2FfQvSRxz1oij7LPciuk6U6VWJgkP2sAAgbedVHGF5FyjFXXZ%2BvGUJvhCnk%2BjiEzwcQ%3D%3D
[debug] [2025-05-27T03:32:32.886Z] >>> [apiv2][body] PUT https://storage.googleapis.com/uploads-1048617971119.us-central1.cloudfunctions.appspot.com/4247c30e-ed96-4bcb-a369-6e3b40accc0e.zip [stream]
[debug] [2025-05-27T03:32:33.069Z] <<< [apiv2][status] PUT https://storage.googleapis.com/uploads-1048617971119.us-central1.cloudfunctions.appspot.com/4247c30e-ed96-4bcb-a369-6e3b40accc0e.zip 200
[debug] [2025-05-27T03:32:33.069Z] <<< [apiv2][body] PUT https://storage.googleapis.com/uploads-1048617971119.us-central1.cloudfunctions.appspot.com/4247c30e-ed96-4bcb-a369-6e3b40accc0e.zip [omitted]
[info] +  functions: functions folder uploaded successfully 
[info] i  functions: updating Node.js 20 (1st Gen) function sendRsvpConfirmationEmail(us-central1)... 
[debug] [2025-05-27T03:32:33.073Z] Checked if tokens are valid: true, expires at: 1748318961388
[debug] [2025-05-27T03:32:33.073Z] Checked if tokens are valid: true, expires at: 1748318961388
[debug] [2025-05-27T03:32:33.073Z] >>> [apiv2][query] PATCH https://cloudfunctions.googleapis.com/v1/projects/wedding-website-82b88/locations/us-central1/functions/sendRsvpConfirmationEmail updateMask=name%2CsourceUploadUrl%2CentryPoint%2Cruntime%2CdockerRegistry%2Clabels%2CeventTrigger.eventType%2CeventTrigger.resource%2CeventTrigger.failurePolicy%2CminInstances%2CmaxInstances%2CingressSettings%2CenvironmentVariables%2CserviceAccountEmail%2CavailableMemoryMb%2Ctimeout%2CvpcConnector%2CvpcConnectorEgressSettings%2CsourceToken%2CbuildEnvironmentVariables
[debug] [2025-05-27T03:32:33.073Z] >>> [apiv2][body] PATCH https://cloudfunctions.googleapis.com/v1/projects/wedding-website-82b88/locations/us-central1/functions/sendRsvpConfirmationEmail {"name":"projects/wedding-website-82b88/locations/us-central1/functions/sendRsvpConfirmationEmail","sourceUploadUrl":"https://storage.googleapis.com/uploads-1048617971119.us-central1.cloudfunctions.appspot.com/4247c30e-ed96-4bcb-a369-6e3b40accc0e.zip?GoogleAccessId=service-483683771975@gcf-admin-robot.iam.gserviceaccount.com&Expires=1748318553&Signature=Ww1lVWu1OSp9XlsktogYXqGZ8Kle99StB34NxpyDk1f4QTIWBGi8RcxDccc%2BuUmLZDUjzfOnAiMsFKtYYHCJWj98DzIaNVqhwnITeD4ksTpKM4WQoAcAWpZ9GrK0LDH4BupITm2r52sx2ZrwM7bZaRqja7yK5D9yxmlPUwB0bnDnRYB8XKR0GEsKjHXAPZOYeTIa%2F9oJ8eIumaX166r3rFbkQkMY0KIISbdILU9wK0hRfMOIJWiDlfN1SbW6hALVBP6ldCWE36ti7oreBe%2F2FfQvSRxz1oij7LPciuk6U6VWJgkP2sAAgbedVHGF5FyjFXXZ%2BvGUJvhCnk%2BjiEzwcQ%3D%3D","entryPoint":"sendRsvpConfirmationEmail","runtime":"nodejs20","dockerRegistry":"ARTIFACT_REGISTRY","labels":{"deployment-tool":"cli-firebase","firebase-functions-hash":"52892678ed603879fb4ca71adf071b3c3ae74214"},"eventTrigger":{"eventType":"providers/cloud.firestore/eventTypes/document.update","resource":"projects/wedding-website-82b88/databases/(default)/documents/guests/{guestId}"},"minInstances":null,"maxInstances":null,"ingressSettings":null,"environmentVariables":{"FIREBASE_CONFIG":"{\"projectId\":\"wedding-website-82b88\",\"databaseURL\":\"https://wedding-website-82b88-default-rtdb.firebaseio.com\",\"storageBucket\":\"wedding-website-82b88.firebasestorage.app\"}","GCLOUD_PROJECT":"wedding-website-82b88","EVENTARC_CLOUD_EVENT_SOURCE":"projects/wedding-website-82b88/locations/us-central1/functions/sendRsvpConfirmationEmail"},"serviceAccountEmail":null,"availableMemoryMb":null,"timeout":null,"vpcConnector":null,"vpcConnectorEgressSettings":null,"buildEnvironmentVariables":{"GOOGLE_NODE_RUN_SCRIPTS":""}}
[debug] [2025-05-27T03:32:33.367Z] <<< [apiv2][status] PATCH https://cloudfunctions.googleapis.com/v1/projects/wedding-website-82b88/locations/us-central1/functions/sendRsvpConfirmationEmail 200
[debug] [2025-05-27T03:32:33.368Z] <<< [apiv2][body] PATCH https://cloudfunctions.googleapis.com/v1/projects/wedding-website-82b88/locations/us-central1/functions/sendRsvpConfirmationEmail {"name":"operations/d2VkZGluZy13ZWJzaXRlLTgyYjg4L3VzLWNlbnRyYWwxL3NlbmRSc3ZwQ29uZmlybWF0aW9uRW1haWwvNTFMV1FXY3hyREk","metadata":{"@type":"type.googleapis.com/google.cloud.functions.v1.OperationMetadataV1","target":"projects/wedding-website-82b88/locations/us-central1/functions/sendRsvpConfirmationEmail","type":"UPDATE_FUNCTION","request":{"@type":"type.googleapis.com/google.cloud.functions.v1.CloudFunction","name":"projects/wedding-website-82b88/locations/us-central1/functions/sendRsvpConfirmationEmail","eventTrigger":{"eventType":"providers/cloud.firestore/eventTypes/document.update","resource":"projects/wedding-website-82b88/databases/(default)/documents/guests/{guestId}","service":"firestore.googleapis.com"},"status":"ACTIVE","entryPoint":"sendRsvpConfirmationEmail","updateTime":"2025-05-27T03:32:14.125Z","versionId":"17","labels":{"deployment-tool":"cli-firebase","firebase-functions-hash":"52892678ed603879fb4ca71adf071b3c3ae74214"},"sourceUploadUrl":"https://storage.googleapis.com/uploads-1048617971119.us-central1.cloudfunctions.appspot.com/4247c30e-ed96-4bcb-a369-6e3b40accc0e.zip?GoogleAccessId=service-483683771975@gcf-admin-robot.iam.gserviceaccount.com&Expires=1748318553&Signature=Ww1lVWu1OSp9XlsktogYXqGZ8Kle99StB34NxpyDk1f4QTIWBGi8RcxDccc%2BuUmLZDUjzfOnAiMsFKtYYHCJWj98DzIaNVqhwnITeD4ksTpKM4WQoAcAWpZ9GrK0LDH4BupITm2r52sx2ZrwM7bZaRqja7yK5D9yxmlPUwB0bnDnRYB8XKR0GEsKjHXAPZOYeTIa%2F9oJ8eIumaX166r3rFbkQkMY0KIISbdILU9wK0hRfMOIJWiDlfN1SbW6hALVBP6ldCWE36ti7oreBe%2F2FfQvSRxz1oij7LPciuk6U6VWJgkP2sAAgbedVHGF5FyjFXXZ%2BvGUJvhCnk%2BjiEzwcQ%3D%3D","environmentVariables":{"FIREBASE_CONFIG":"{\"projectId\":\"wedding-website-82b88\",\"databaseURL\":\"https://wedding-website-82b88-default-rtdb.firebaseio.com\",\"storageBucket\":\"wedding-website-82b88.firebasestorage.app\"}","GCLOUD_PROJECT":"wedding-website-82b88","EVENTARC_CLOUD_EVENT_SOURCE":"projects/wedding-website-82b88/locations/us-central1/functions/sendRsvpConfirmationEmail"},"runtime":"nodejs20","buildId":"63ce31d3-d3d5-4cb9-a3d2-65230014b44c","buildEnvironmentVariables":{"GOOGLE_NODE_RUN_SCRIPTS":""},"buildName":"projects/483683771975/locations/us-central1/builds/63ce31d3-d3d5-4cb9-a3d2-65230014b44c","dockerRegistry":"ARTIFACT_REGISTRY","automaticUpdatePolicy":{},"buildServiceAccount":"projects/wedding-website-82b88/serviceAccounts/483683771975-compute@developer.gserviceaccount.com"},"versionId":"18","updateTime":"2025-05-27T03:32:34Z"}}
[debug] [2025-05-27T03:32:33.368Z] Checked if tokens are valid: true, expires at: 1748318961388
[debug] [2025-05-27T03:32:33.368Z] Checked if tokens are valid: true, expires at: 1748318961388
[debug] [2025-05-27T03:32:33.368Z] >>> [apiv2][query] GET https://cloudfunctions.googleapis.com/v1/operations/d2VkZGluZy13ZWJzaXRlLTgyYjg4L3VzLWNlbnRyYWwxL3NlbmRSc3ZwQ29uZmlybWF0aW9uRW1haWwvNTFMV1FXY3hyREk [none]
[debug] [2025-05-27T03:32:33.498Z] <<< [apiv2][status] GET https://cloudfunctions.googleapis.com/v1/operations/d2VkZGluZy13ZWJzaXRlLTgyYjg4L3VzLWNlbnRyYWwxL3NlbmRSc3ZwQ29uZmlybWF0aW9uRW1haWwvNTFMV1FXY3hyREk 200
[debug] [2025-05-27T03:32:33.498Z] <<< [apiv2][body] GET https://cloudfunctions.googleapis.com/v1/operations/d2VkZGluZy13ZWJzaXRlLTgyYjg4L3VzLWNlbnRyYWwxL3NlbmRSc3ZwQ29uZmlybWF0aW9uRW1haWwvNTFMV1FXY3hyREk {"name":"operations/d2VkZGluZy13ZWJzaXRlLTgyYjg4L3VzLWNlbnRyYWwxL3NlbmRSc3ZwQ29uZmlybWF0aW9uRW1haWwvNTFMV1FXY3hyREk","metadata":{"@type":"type.googleapis.com/google.cloud.functions.v1.OperationMetadataV1","target":"projects/wedding-website-82b88/locations/us-central1/functions/sendRsvpConfirmationEmail","type":"UPDATE_FUNCTION","request":{"@type":"type.googleapis.com/google.cloud.functions.v1.CloudFunction","name":"projects/wedding-website-82b88/locations/us-central1/functions/sendRsvpConfirmationEmail","eventTrigger":{"eventType":"providers/cloud.firestore/eventTypes/document.update","resource":"projects/wedding-website-82b88/databases/(default)/documents/guests/{guestId}","service":"firestore.googleapis.com"},"status":"ACTIVE","entryPoint":"sendRsvpConfirmationEmail","updateTime":"2025-05-27T03:32:14.125Z","versionId":"17","labels":{"deployment-tool":"cli-firebase","firebase-functions-hash":"52892678ed603879fb4ca71adf071b3c3ae74214"},"sourceUploadUrl":"https://storage.googleapis.com/uploads-1048617971119.us-central1.cloudfunctions.appspot.com/4247c30e-ed96-4bcb-a369-6e3b40accc0e.zip?GoogleAccessId=service-483683771975@gcf-admin-robot.iam.gserviceaccount.com&Expires=1748318553&Signature=Ww1lVWu1OSp9XlsktogYXqGZ8Kle99StB34NxpyDk1f4QTIWBGi8RcxDccc%2BuUmLZDUjzfOnAiMsFKtYYHCJWj98DzIaNVqhwnITeD4ksTpKM4WQoAcAWpZ9GrK0LDH4BupITm2r52sx2ZrwM7bZaRqja7yK5D9yxmlPUwB0bnDnRYB8XKR0GEsKjHXAPZOYeTIa%2F9oJ8eIumaX166r3rFbkQkMY0KIISbdILU9wK0hRfMOIJWiDlfN1SbW6hALVBP6ldCWE36ti7oreBe%2F2FfQvSRxz1oij7LPciuk6U6VWJgkP2sAAgbedVHGF5FyjFXXZ%2BvGUJvhCnk%2BjiEzwcQ%3D%3D","environmentVariables":{"FIREBASE_CONFIG":"{\"projectId\":\"wedding-website-82b88\",\"databaseURL\":\"https://wedding-website-82b88-default-rtdb.firebaseio.com\",\"storageBucket\":\"wedding-website-82b88.firebasestorage.app\"}","GCLOUD_PROJECT":"wedding-website-82b88","EVENTARC_CLOUD_EVENT_SOURCE":"projects/wedding-website-82b88/locations/us-central1/functions/sendRsvpConfirmationEmail"},"runtime":"nodejs20","buildId":"63ce31d3-d3d5-4cb9-a3d2-65230014b44c","buildEnvironmentVariables":{"GOOGLE_NODE_RUN_SCRIPTS":""},"buildName":"projects/483683771975/locations/us-central1/builds/63ce31d3-d3d5-4cb9-a3d2-65230014b44c","dockerRegistry":"ARTIFACT_REGISTRY","automaticUpdatePolicy":{},"buildServiceAccount":"projects/wedding-website-82b88/serviceAccounts/483683771975-compute@developer.gserviceaccount.com"},"versionId":"18","updateTime":"2025-05-27T03:32:34Z"}}
[debug] [2025-05-27T03:32:34.001Z] [update-default-us-central1-sendRsvpConfirmationEmail] Retrying task index 0
[debug] [2025-05-27T03:32:34.001Z] Checked if tokens are valid: true, expires at: 1748318961388
[debug] [2025-05-27T03:32:34.001Z] Checked if tokens are valid: true, expires at: 1748318961388
[debug] [2025-05-27T03:32:34.001Z] >>> [apiv2][query] GET https://cloudfunctions.googleapis.com/v1/operations/d2VkZGluZy13ZWJzaXRlLTgyYjg4L3VzLWNlbnRyYWwxL3NlbmRSc3ZwQ29uZmlybWF0aW9uRW1haWwvNTFMV1FXY3hyREk [none]
[debug] [2025-05-27T03:32:34.108Z] <<< [apiv2][status] GET https://cloudfunctions.googleapis.com/v1/operations/d2VkZGluZy13ZWJzaXRlLTgyYjg4L3VzLWNlbnRyYWwxL3NlbmRSc3ZwQ29uZmlybWF0aW9uRW1haWwvNTFMV1FXY3hyREk 200
[debug] [2025-05-27T03:32:34.108Z] <<< [apiv2][body] GET https://cloudfunctions.googleapis.com/v1/operations/d2VkZGluZy13ZWJzaXRlLTgyYjg4L3VzLWNlbnRyYWwxL3NlbmRSc3ZwQ29uZmlybWF0aW9uRW1haWwvNTFMV1FXY3hyREk {"name":"operations/d2VkZGluZy13ZWJzaXRlLTgyYjg4L3VzLWNlbnRyYWwxL3NlbmRSc3ZwQ29uZmlybWF0aW9uRW1haWwvNTFMV1FXY3hyREk","metadata":{"@type":"type.googleapis.com/google.cloud.functions.v1.OperationMetadataV1","target":"projects/wedding-website-82b88/locations/us-central1/functions/sendRsvpConfirmationEmail","type":"UPDATE_FUNCTION","request":{"@type":"type.googleapis.com/google.cloud.functions.v1.CloudFunction","name":"projects/wedding-website-82b88/locations/us-central1/functions/sendRsvpConfirmationEmail","eventTrigger":{"eventType":"providers/cloud.firestore/eventTypes/document.update","resource":"projects/wedding-website-82b88/databases/(default)/documents/guests/{guestId}","service":"firestore.googleapis.com"},"status":"ACTIVE","entryPoint":"sendRsvpConfirmationEmail","updateTime":"2025-05-27T03:32:14.125Z","versionId":"17","labels":{"deployment-tool":"cli-firebase","firebase-functions-hash":"52892678ed603879fb4ca71adf071b3c3ae74214"},"sourceUploadUrl":"https://storage.googleapis.com/uploads-1048617971119.us-central1.cloudfunctions.appspot.com/4247c30e-ed96-4bcb-a369-6e3b40accc0e.zip?GoogleAccessId=service-483683771975@gcf-admin-robot.iam.gserviceaccount.com&Expires=1748318553&Signature=Ww1lVWu1OSp9XlsktogYXqGZ8Kle99StB34NxpyDk1f4QTIWBGi8RcxDccc%2BuUmLZDUjzfOnAiMsFKtYYHCJWj98DzIaNVqhwnITeD4ksTpKM4WQoAcAWpZ9GrK0LDH4BupITm2r52sx2ZrwM7bZaRqja7yK5D9yxmlPUwB0bnDnRYB8XKR0GEsKjHXAPZOYeTIa%2F9oJ8eIumaX166r3rFbkQkMY0KIISbdILU9wK0hRfMOIJWiDlfN1SbW6hALVBP6ldCWE36ti7oreBe%2F2FfQvSRxz1oij7LPciuk6U6VWJgkP2sAAgbedVHGF5FyjFXXZ%2BvGUJvhCnk%2BjiEzwcQ%3D%3D","environmentVariables":{"FIREBASE_CONFIG":"{\"projectId\":\"wedding-website-82b88\",\"databaseURL\":\"https://wedding-website-82b88-default-rtdb.firebaseio.com\",\"storageBucket\":\"wedding-website-82b88.firebasestorage.app\"}","GCLOUD_PROJECT":"wedding-website-82b88","EVENTARC_CLOUD_EVENT_SOURCE":"projects/wedding-website-82b88/locations/us-central1/functions/sendRsvpConfirmationEmail"},"runtime":"nodejs20","buildId":"63ce31d3-d3d5-4cb9-a3d2-65230014b44c","buildEnvironmentVariables":{"GOOGLE_NODE_RUN_SCRIPTS":""},"buildName":"projects/483683771975/locations/us-central1/builds/63ce31d3-d3d5-4cb9-a3d2-65230014b44c","dockerRegistry":"ARTIFACT_REGISTRY","automaticUpdatePolicy":{},"buildServiceAccount":"projects/wedding-website-82b88/serviceAccounts/483683771975-compute@developer.gserviceaccount.com"},"versionId":"18","updateTime":"2025-05-27T03:32:34Z","buildId":"f381f67c-6f7c-48b6-a59d-5b8825f5210f","buildName":"projects/483683771975/locations/us-central1/builds/f381f67c-6f7c-48b6-a59d-5b8825f5210f"}}
[debug] [2025-05-27T03:32:35.108Z] [update-default-us-central1-sendRsvpConfirmationEmail] Retrying task index 0
[debug] [2025-05-27T03:32:35.109Z] Checked if tokens are valid: true, expires at: 1748318961388
[debug] [2025-05-27T03:32:35.109Z] Checked if tokens are valid: true, expires at: 1748318961388
[debug] [2025-05-27T03:32:35.109Z] >>> [apiv2][query] GET https://cloudfunctions.googleapis.com/v1/operations/d2VkZGluZy13ZWJzaXRlLTgyYjg4L3VzLWNlbnRyYWwxL3NlbmRSc3ZwQ29uZmlybWF0aW9uRW1haWwvNTFMV1FXY3hyREk [none]
[debug] [2025-05-27T03:32:35.222Z] <<< [apiv2][status] GET https://cloudfunctions.googleapis.com/v1/operations/d2VkZGluZy13ZWJzaXRlLTgyYjg4L3VzLWNlbnRyYWwxL3NlbmRSc3ZwQ29uZmlybWF0aW9uRW1haWwvNTFMV1FXY3hyREk 200
[debug] [2025-05-27T03:32:35.222Z] <<< [apiv2][body] GET https://cloudfunctions.googleapis.com/v1/operations/d2VkZGluZy13ZWJzaXRlLTgyYjg4L3VzLWNlbnRyYWwxL3NlbmRSc3ZwQ29uZmlybWF0aW9uRW1haWwvNTFMV1FXY3hyREk {"name":"operations/d2VkZGluZy13ZWJzaXRlLTgyYjg4L3VzLWNlbnRyYWwxL3NlbmRSc3ZwQ29uZmlybWF0aW9uRW1haWwvNTFMV1FXY3hyREk","metadata":{"@type":"type.googleapis.com/google.cloud.functions.v1.OperationMetadataV1","target":"projects/wedding-website-82b88/locations/us-central1/functions/sendRsvpConfirmationEmail","type":"UPDATE_FUNCTION","request":{"@type":"type.googleapis.com/google.cloud.functions.v1.CloudFunction","name":"projects/wedding-website-82b88/locations/us-central1/functions/sendRsvpConfirmationEmail","eventTrigger":{"eventType":"providers/cloud.firestore/eventTypes/document.update","resource":"projects/wedding-website-82b88/databases/(default)/documents/guests/{guestId}","service":"firestore.googleapis.com"},"status":"ACTIVE","entryPoint":"sendRsvpConfirmationEmail","updateTime":"2025-05-27T03:32:14.125Z","versionId":"17","labels":{"deployment-tool":"cli-firebase","firebase-functions-hash":"52892678ed603879fb4ca71adf071b3c3ae74214"},"sourceUploadUrl":"https://storage.googleapis.com/uploads-1048617971119.us-central1.cloudfunctions.appspot.com/4247c30e-ed96-4bcb-a369-6e3b40accc0e.zip?GoogleAccessId=service-483683771975@gcf-admin-robot.iam.gserviceaccount.com&Expires=1748318553&Signature=Ww1lVWu1OSp9XlsktogYXqGZ8Kle99StB34NxpyDk1f4QTIWBGi8RcxDccc%2BuUmLZDUjzfOnAiMsFKtYYHCJWj98DzIaNVqhwnITeD4ksTpKM4WQoAcAWpZ9GrK0LDH4BupITm2r52sx2ZrwM7bZaRqja7yK5D9yxmlPUwB0bnDnRYB8XKR0GEsKjHXAPZOYeTIa%2F9oJ8eIumaX166r3rFbkQkMY0KIISbdILU9wK0hRfMOIJWiDlfN1SbW6hALVBP6ldCWE36ti7oreBe%2F2FfQvSRxz1oij7LPciuk6U6VWJgkP2sAAgbedVHGF5FyjFXXZ%2BvGUJvhCnk%2BjiEzwcQ%3D%3D","environmentVariables":{"FIREBASE_CONFIG":"{\"projectId\":\"wedding-website-82b88\",\"databaseURL\":\"https://wedding-website-82b88-default-rtdb.firebaseio.com\",\"storageBucket\":\"wedding-website-82b88.firebasestorage.app\"}","GCLOUD_PROJECT":"wedding-website-82b88","EVENTARC_CLOUD_EVENT_SOURCE":"projects/wedding-website-82b88/locations/us-central1/functions/sendRsvpConfirmationEmail"},"runtime":"nodejs20","buildId":"63ce31d3-d3d5-4cb9-a3d2-65230014b44c","buildEnvironmentVariables":{"GOOGLE_NODE_RUN_SCRIPTS":""},"buildName":"projects/483683771975/locations/us-central1/builds/63ce31d3-d3d5-4cb9-a3d2-65230014b44c","dockerRegistry":"ARTIFACT_REGISTRY","automaticUpdatePolicy":{},"buildServiceAccount":"projects/wedding-website-82b88/serviceAccounts/483683771975-compute@developer.gserviceaccount.com"},"versionId":"18","updateTime":"2025-05-27T03:32:34Z","buildId":"f381f67c-6f7c-48b6-a59d-5b8825f5210f","buildName":"projects/483683771975/locations/us-central1/builds/f381f67c-6f7c-48b6-a59d-5b8825f5210f"}}
[debug] [2025-05-27T03:32:37.233Z] [update-default-us-central1-sendRsvpConfirmationEmail] Retrying task index 0
[debug] [2025-05-27T03:32:37.234Z] Checked if tokens are valid: true, expires at: 1748318961388
[debug] [2025-05-27T03:32:37.234Z] Checked if tokens are valid: true, expires at: 1748318961388
[debug] [2025-05-27T03:32:37.234Z] >>> [apiv2][query] GET https://cloudfunctions.googleapis.com/v1/operations/d2VkZGluZy13ZWJzaXRlLTgyYjg4L3VzLWNlbnRyYWwxL3NlbmRSc3ZwQ29uZmlybWF0aW9uRW1haWwvNTFMV1FXY3hyREk [none]
[debug] [2025-05-27T03:32:37.367Z] <<< [apiv2][status] GET https://cloudfunctions.googleapis.com/v1/operations/d2VkZGluZy13ZWJzaXRlLTgyYjg4L3VzLWNlbnRyYWwxL3NlbmRSc3ZwQ29uZmlybWF0aW9uRW1haWwvNTFMV1FXY3hyREk 200
[debug] [2025-05-27T03:32:37.367Z] <<< [apiv2][body] GET https://cloudfunctions.googleapis.com/v1/operations/d2VkZGluZy13ZWJzaXRlLTgyYjg4L3VzLWNlbnRyYWwxL3NlbmRSc3ZwQ29uZmlybWF0aW9uRW1haWwvNTFMV1FXY3hyREk {"name":"operations/d2VkZGluZy13ZWJzaXRlLTgyYjg4L3VzLWNlbnRyYWwxL3NlbmRSc3ZwQ29uZmlybWF0aW9uRW1haWwvNTFMV1FXY3hyREk","metadata":{"@type":"type.googleapis.com/google.cloud.functions.v1.OperationMetadataV1","target":"projects/wedding-website-82b88/locations/us-central1/functions/sendRsvpConfirmationEmail","type":"UPDATE_FUNCTION","request":{"@type":"type.googleapis.com/google.cloud.functions.v1.CloudFunction","name":"projects/wedding-website-82b88/locations/us-central1/functions/sendRsvpConfirmationEmail","eventTrigger":{"eventType":"providers/cloud.firestore/eventTypes/document.update","resource":"projects/wedding-website-82b88/databases/(default)/documents/guests/{guestId}","service":"firestore.googleapis.com"},"status":"ACTIVE","entryPoint":"sendRsvpConfirmationEmail","updateTime":"2025-05-27T03:32:14.125Z","versionId":"17","labels":{"deployment-tool":"cli-firebase","firebase-functions-hash":"52892678ed603879fb4ca71adf071b3c3ae74214"},"sourceUploadUrl":"https://storage.googleapis.com/uploads-1048617971119.us-central1.cloudfunctions.appspot.com/4247c30e-ed96-4bcb-a369-6e3b40accc0e.zip?GoogleAccessId=service-483683771975@gcf-admin-robot.iam.gserviceaccount.com&Expires=1748318553&Signature=Ww1lVWu1OSp9XlsktogYXqGZ8Kle99StB34NxpyDk1f4QTIWBGi8RcxDccc%2BuUmLZDUjzfOnAiMsFKtYYHCJWj98DzIaNVqhwnITeD4ksTpKM4WQoAcAWpZ9GrK0LDH4BupITm2r52sx2ZrwM7bZaRqja7yK5D9yxmlPUwB0bnDnRYB8XKR0GEsKjHXAPZOYeTIa%2F9oJ8eIumaX166r3rFbkQkMY0KIISbdILU9wK0hRfMOIJWiDlfN1SbW6hALVBP6ldCWE36ti7oreBe%2F2FfQvSRxz1oij7LPciuk6U6VWJgkP2sAAgbedVHGF5FyjFXXZ%2BvGUJvhCnk%2BjiEzwcQ%3D%3D","environmentVariables":{"FIREBASE_CONFIG":"{\"projectId\":\"wedding-website-82b88\",\"databaseURL\":\"https://wedding-website-82b88-default-rtdb.firebaseio.com\",\"storageBucket\":\"wedding-website-82b88.firebasestorage.app\"}","GCLOUD_PROJECT":"wedding-website-82b88","EVENTARC_CLOUD_EVENT_SOURCE":"projects/wedding-website-82b88/locations/us-central1/functions/sendRsvpConfirmationEmail"},"runtime":"nodejs20","buildId":"63ce31d3-d3d5-4cb9-a3d2-65230014b44c","buildEnvironmentVariables":{"GOOGLE_NODE_RUN_SCRIPTS":""},"buildName":"projects/483683771975/locations/us-central1/builds/63ce31d3-d3d5-4cb9-a3d2-65230014b44c","dockerRegistry":"ARTIFACT_REGISTRY","automaticUpdatePolicy":{},"buildServiceAccount":"projects/wedding-website-82b88/serviceAccounts/483683771975-compute@developer.gserviceaccount.com"},"versionId":"18","updateTime":"2025-05-27T03:32:34Z","buildId":"f381f67c-6f7c-48b6-a59d-5b8825f5210f","buildName":"projects/483683771975/locations/us-central1/builds/f381f67c-6f7c-48b6-a59d-5b8825f5210f"}}
[debug] [2025-05-27T03:32:41.368Z] [update-default-us-central1-sendRsvpConfirmationEmail] Retrying task index 0
[debug] [2025-05-27T03:32:41.369Z] Checked if tokens are valid: true, expires at: 1748318961388
[debug] [2025-05-27T03:32:41.369Z] Checked if tokens are valid: true, expires at: 1748318961388
[debug] [2025-05-27T03:32:41.369Z] >>> [apiv2][query] GET https://cloudfunctions.googleapis.com/v1/operations/d2VkZGluZy13ZWJzaXRlLTgyYjg4L3VzLWNlbnRyYWwxL3NlbmRSc3ZwQ29uZmlybWF0aW9uRW1haWwvNTFMV1FXY3hyREk [none]
[debug] [2025-05-27T03:32:41.490Z] <<< [apiv2][status] GET https://cloudfunctions.googleapis.com/v1/operations/d2VkZGluZy13ZWJzaXRlLTgyYjg4L3VzLWNlbnRyYWwxL3NlbmRSc3ZwQ29uZmlybWF0aW9uRW1haWwvNTFMV1FXY3hyREk 200
[debug] [2025-05-27T03:32:41.490Z] <<< [apiv2][body] GET https://cloudfunctions.googleapis.com/v1/operations/d2VkZGluZy13ZWJzaXRlLTgyYjg4L3VzLWNlbnRyYWwxL3NlbmRSc3ZwQ29uZmlybWF0aW9uRW1haWwvNTFMV1FXY3hyREk {"name":"operations/d2VkZGluZy13ZWJzaXRlLTgyYjg4L3VzLWNlbnRyYWwxL3NlbmRSc3ZwQ29uZmlybWF0aW9uRW1haWwvNTFMV1FXY3hyREk","metadata":{"@type":"type.googleapis.com/google.cloud.functions.v1.OperationMetadataV1","target":"projects/wedding-website-82b88/locations/us-central1/functions/sendRsvpConfirmationEmail","type":"UPDATE_FUNCTION","request":{"@type":"type.googleapis.com/google.cloud.functions.v1.CloudFunction","name":"projects/wedding-website-82b88/locations/us-central1/functions/sendRsvpConfirmationEmail","eventTrigger":{"eventType":"providers/cloud.firestore/eventTypes/document.update","resource":"projects/wedding-website-82b88/databases/(default)/documents/guests/{guestId}","service":"firestore.googleapis.com"},"status":"ACTIVE","entryPoint":"sendRsvpConfirmationEmail","updateTime":"2025-05-27T03:32:14.125Z","versionId":"17","labels":{"deployment-tool":"cli-firebase","firebase-functions-hash":"52892678ed603879fb4ca71adf071b3c3ae74214"},"sourceUploadUrl":"https://storage.googleapis.com/uploads-1048617971119.us-central1.cloudfunctions.appspot.com/4247c30e-ed96-4bcb-a369-6e3b40accc0e.zip?GoogleAccessId=service-483683771975@gcf-admin-robot.iam.gserviceaccount.com&Expires=1748318553&Signature=Ww1lVWu1OSp9XlsktogYXqGZ8Kle99StB34NxpyDk1f4QTIWBGi8RcxDccc%2BuUmLZDUjzfOnAiMsFKtYYHCJWj98DzIaNVqhwnITeD4ksTpKM4WQoAcAWpZ9GrK0LDH4BupITm2r52sx2ZrwM7bZaRqja7yK5D9yxmlPUwB0bnDnRYB8XKR0GEsKjHXAPZOYeTIa%2F9oJ8eIumaX166r3rFbkQkMY0KIISbdILU9wK0hRfMOIJWiDlfN1SbW6hALVBP6ldCWE36ti7oreBe%2F2FfQvSRxz1oij7LPciuk6U6VWJgkP2sAAgbedVHGF5FyjFXXZ%2BvGUJvhCnk%2BjiEzwcQ%3D%3D","environmentVariables":{"FIREBASE_CONFIG":"{\"projectId\":\"wedding-website-82b88\",\"databaseURL\":\"https://wedding-website-82b88-default-rtdb.firebaseio.com\",\"storageBucket\":\"wedding-website-82b88.firebasestorage.app\"}","GCLOUD_PROJECT":"wedding-website-82b88","EVENTARC_CLOUD_EVENT_SOURCE":"projects/wedding-website-82b88/locations/us-central1/functions/sendRsvpConfirmationEmail"},"runtime":"nodejs20","buildId":"63ce31d3-d3d5-4cb9-a3d2-65230014b44c","buildEnvironmentVariables":{"GOOGLE_NODE_RUN_SCRIPTS":""},"buildName":"projects/483683771975/locations/us-central1/builds/63ce31d3-d3d5-4cb9-a3d2-65230014b44c","dockerRegistry":"ARTIFACT_REGISTRY","automaticUpdatePolicy":{},"buildServiceAccount":"projects/wedding-website-82b88/serviceAccounts/483683771975-compute@developer.gserviceaccount.com"},"versionId":"18","updateTime":"2025-05-27T03:32:34Z","buildId":"f381f67c-6f7c-48b6-a59d-5b8825f5210f","buildName":"projects/483683771975/locations/us-central1/builds/f381f67c-6f7c-48b6-a59d-5b8825f5210f"}}
[debug] [2025-05-27T03:32:49.498Z] [update-default-us-central1-sendRsvpConfirmationEmail] Retrying task index 0
[debug] [2025-05-27T03:32:49.498Z] Checked if tokens are valid: true, expires at: 1748318961388
[debug] [2025-05-27T03:32:49.498Z] Checked if tokens are valid: true, expires at: 1748318961388
[debug] [2025-05-27T03:32:49.498Z] >>> [apiv2][query] GET https://cloudfunctions.googleapis.com/v1/operations/d2VkZGluZy13ZWJzaXRlLTgyYjg4L3VzLWNlbnRyYWwxL3NlbmRSc3ZwQ29uZmlybWF0aW9uRW1haWwvNTFMV1FXY3hyREk [none]
[debug] [2025-05-27T03:32:49.624Z] <<< [apiv2][status] GET https://cloudfunctions.googleapis.com/v1/operations/d2VkZGluZy13ZWJzaXRlLTgyYjg4L3VzLWNlbnRyYWwxL3NlbmRSc3ZwQ29uZmlybWF0aW9uRW1haWwvNTFMV1FXY3hyREk 200
[debug] [2025-05-27T03:32:49.624Z] <<< [apiv2][body] GET https://cloudfunctions.googleapis.com/v1/operations/d2VkZGluZy13ZWJzaXRlLTgyYjg4L3VzLWNlbnRyYWwxL3NlbmRSc3ZwQ29uZmlybWF0aW9uRW1haWwvNTFMV1FXY3hyREk {"name":"operations/d2VkZGluZy13ZWJzaXRlLTgyYjg4L3VzLWNlbnRyYWwxL3NlbmRSc3ZwQ29uZmlybWF0aW9uRW1haWwvNTFMV1FXY3hyREk","metadata":{"@type":"type.googleapis.com/google.cloud.functions.v1.OperationMetadataV1","target":"projects/wedding-website-82b88/locations/us-central1/functions/sendRsvpConfirmationEmail","type":"UPDATE_FUNCTION","request":{"@type":"type.googleapis.com/google.cloud.functions.v1.CloudFunction","name":"projects/wedding-website-82b88/locations/us-central1/functions/sendRsvpConfirmationEmail","eventTrigger":{"eventType":"providers/cloud.firestore/eventTypes/document.update","resource":"projects/wedding-website-82b88/databases/(default)/documents/guests/{guestId}","service":"firestore.googleapis.com"},"status":"ACTIVE","entryPoint":"sendRsvpConfirmationEmail","updateTime":"2025-05-27T03:32:14.125Z","versionId":"17","labels":{"deployment-tool":"cli-firebase","firebase-functions-hash":"52892678ed603879fb4ca71adf071b3c3ae74214"},"sourceUploadUrl":"https://storage.googleapis.com/uploads-1048617971119.us-central1.cloudfunctions.appspot.com/4247c30e-ed96-4bcb-a369-6e3b40accc0e.zip?GoogleAccessId=service-483683771975@gcf-admin-robot.iam.gserviceaccount.com&Expires=1748318553&Signature=Ww1lVWu1OSp9XlsktogYXqGZ8Kle99StB34NxpyDk1f4QTIWBGi8RcxDccc%2BuUmLZDUjzfOnAiMsFKtYYHCJWj98DzIaNVqhwnITeD4ksTpKM4WQoAcAWpZ9GrK0LDH4BupITm2r52sx2ZrwM7bZaRqja7yK5D9yxmlPUwB0bnDnRYB8XKR0GEsKjHXAPZOYeTIa%2F9oJ8eIumaX166r3rFbkQkMY0KIISbdILU9wK0hRfMOIJWiDlfN1SbW6hALVBP6ldCWE36ti7oreBe%2F2FfQvSRxz1oij7LPciuk6U6VWJgkP2sAAgbedVHGF5FyjFXXZ%2BvGUJvhCnk%2BjiEzwcQ%3D%3D","environmentVariables":{"FIREBASE_CONFIG":"{\"projectId\":\"wedding-website-82b88\",\"databaseURL\":\"https://wedding-website-82b88-default-rtdb.firebaseio.com\",\"storageBucket\":\"wedding-website-82b88.firebasestorage.app\"}","GCLOUD_PROJECT":"wedding-website-82b88","EVENTARC_CLOUD_EVENT_SOURCE":"projects/wedding-website-82b88/locations/us-central1/functions/sendRsvpConfirmationEmail"},"runtime":"nodejs20","buildId":"63ce31d3-d3d5-4cb9-a3d2-65230014b44c","buildEnvironmentVariables":{"GOOGLE_NODE_RUN_SCRIPTS":""},"buildName":"projects/483683771975/locations/us-central1/builds/63ce31d3-d3d5-4cb9-a3d2-65230014b44c","dockerRegistry":"ARTIFACT_REGISTRY","automaticUpdatePolicy":{},"buildServiceAccount":"projects/wedding-website-82b88/serviceAccounts/483683771975-compute@developer.gserviceaccount.com"},"versionId":"18","updateTime":"2025-05-27T03:32:34Z","buildId":"f381f67c-6f7c-48b6-a59d-5b8825f5210f","buildName":"projects/483683771975/locations/us-central1/builds/f381f67c-6f7c-48b6-a59d-5b8825f5210f"}}
[debug] [2025-05-27T03:32:59.633Z] [update-default-us-central1-sendRsvpConfirmationEmail] Retrying task index 0
[debug] [2025-05-27T03:32:59.633Z] Checked if tokens are valid: true, expires at: 1748318961388
[debug] [2025-05-27T03:32:59.633Z] Checked if tokens are valid: true, expires at: 1748318961388
[debug] [2025-05-27T03:32:59.634Z] >>> [apiv2][query] GET https://cloudfunctions.googleapis.com/v1/operations/d2VkZGluZy13ZWJzaXRlLTgyYjg4L3VzLWNlbnRyYWwxL3NlbmRSc3ZwQ29uZmlybWF0aW9uRW1haWwvNTFMV1FXY3hyREk [none]
[debug] [2025-05-27T03:32:59.776Z] <<< [apiv2][status] GET https://cloudfunctions.googleapis.com/v1/operations/d2VkZGluZy13ZWJzaXRlLTgyYjg4L3VzLWNlbnRyYWwxL3NlbmRSc3ZwQ29uZmlybWF0aW9uRW1haWwvNTFMV1FXY3hyREk 200
[debug] [2025-05-27T03:32:59.776Z] <<< [apiv2][body] GET https://cloudfunctions.googleapis.com/v1/operations/d2VkZGluZy13ZWJzaXRlLTgyYjg4L3VzLWNlbnRyYWwxL3NlbmRSc3ZwQ29uZmlybWF0aW9uRW1haWwvNTFMV1FXY3hyREk {"name":"operations/d2VkZGluZy13ZWJzaXRlLTgyYjg4L3VzLWNlbnRyYWwxL3NlbmRSc3ZwQ29uZmlybWF0aW9uRW1haWwvNTFMV1FXY3hyREk","metadata":{"@type":"type.googleapis.com/google.cloud.functions.v1.OperationMetadataV1","target":"projects/wedding-website-82b88/locations/us-central1/functions/sendRsvpConfirmationEmail","type":"UPDATE_FUNCTION","request":{"@type":"type.googleapis.com/google.cloud.functions.v1.CloudFunction","name":"projects/wedding-website-82b88/locations/us-central1/functions/sendRsvpConfirmationEmail","eventTrigger":{"eventType":"providers/cloud.firestore/eventTypes/document.update","resource":"projects/wedding-website-82b88/databases/(default)/documents/guests/{guestId}","service":"firestore.googleapis.com"},"status":"ACTIVE","entryPoint":"sendRsvpConfirmationEmail","updateTime":"2025-05-27T03:32:14.125Z","versionId":"17","labels":{"deployment-tool":"cli-firebase","firebase-functions-hash":"52892678ed603879fb4ca71adf071b3c3ae74214"},"sourceUploadUrl":"https://storage.googleapis.com/uploads-1048617971119.us-central1.cloudfunctions.appspot.com/4247c30e-ed96-4bcb-a369-6e3b40accc0e.zip?GoogleAccessId=service-483683771975@gcf-admin-robot.iam.gserviceaccount.com&Expires=1748318553&Signature=Ww1lVWu1OSp9XlsktogYXqGZ8Kle99StB34NxpyDk1f4QTIWBGi8RcxDccc%2BuUmLZDUjzfOnAiMsFKtYYHCJWj98DzIaNVqhwnITeD4ksTpKM4WQoAcAWpZ9GrK0LDH4BupITm2r52sx2ZrwM7bZaRqja7yK5D9yxmlPUwB0bnDnRYB8XKR0GEsKjHXAPZOYeTIa%2F9oJ8eIumaX166r3rFbkQkMY0KIISbdILU9wK0hRfMOIJWiDlfN1SbW6hALVBP6ldCWE36ti7oreBe%2F2FfQvSRxz1oij7LPciuk6U6VWJgkP2sAAgbedVHGF5FyjFXXZ%2BvGUJvhCnk%2BjiEzwcQ%3D%3D","environmentVariables":{"FIREBASE_CONFIG":"{\"projectId\":\"wedding-website-82b88\",\"databaseURL\":\"https://wedding-website-82b88-default-rtdb.firebaseio.com\",\"storageBucket\":\"wedding-website-82b88.firebasestorage.app\"}","GCLOUD_PROJECT":"wedding-website-82b88","EVENTARC_CLOUD_EVENT_SOURCE":"projects/wedding-website-82b88/locations/us-central1/functions/sendRsvpConfirmationEmail"},"runtime":"nodejs20","buildId":"63ce31d3-d3d5-4cb9-a3d2-65230014b44c","buildEnvironmentVariables":{"GOOGLE_NODE_RUN_SCRIPTS":""},"buildName":"projects/483683771975/locations/us-central1/builds/63ce31d3-d3d5-4cb9-a3d2-65230014b44c","dockerRegistry":"ARTIFACT_REGISTRY","automaticUpdatePolicy":{},"buildServiceAccount":"projects/wedding-website-82b88/serviceAccounts/483683771975-compute@developer.gserviceaccount.com"},"versionId":"18","updateTime":"2025-05-27T03:32:34Z","buildId":"f381f67c-6f7c-48b6-a59d-5b8825f5210f","buildName":"projects/483683771975/locations/us-central1/builds/f381f67c-6f7c-48b6-a59d-5b8825f5210f"}}
[debug] [2025-05-27T03:33:09.785Z] [update-default-us-central1-sendRsvpConfirmationEmail] Retrying task index 0
[debug] [2025-05-27T03:33:09.785Z] Checked if tokens are valid: true, expires at: 1748318961388
[debug] [2025-05-27T03:33:09.785Z] Checked if tokens are valid: true, expires at: 1748318961388
[debug] [2025-05-27T03:33:09.785Z] >>> [apiv2][query] GET https://cloudfunctions.googleapis.com/v1/operations/d2VkZGluZy13ZWJzaXRlLTgyYjg4L3VzLWNlbnRyYWwxL3NlbmRSc3ZwQ29uZmlybWF0aW9uRW1haWwvNTFMV1FXY3hyREk [none]
[debug] [2025-05-27T03:33:09.919Z] <<< [apiv2][status] GET https://cloudfunctions.googleapis.com/v1/operations/d2VkZGluZy13ZWJzaXRlLTgyYjg4L3VzLWNlbnRyYWwxL3NlbmRSc3ZwQ29uZmlybWF0aW9uRW1haWwvNTFMV1FXY3hyREk 200
[debug] [2025-05-27T03:33:09.919Z] <<< [apiv2][body] GET https://cloudfunctions.googleapis.com/v1/operations/d2VkZGluZy13ZWJzaXRlLTgyYjg4L3VzLWNlbnRyYWwxL3NlbmRSc3ZwQ29uZmlybWF0aW9uRW1haWwvNTFMV1FXY3hyREk {"name":"operations/d2VkZGluZy13ZWJzaXRlLTgyYjg4L3VzLWNlbnRyYWwxL3NlbmRSc3ZwQ29uZmlybWF0aW9uRW1haWwvNTFMV1FXY3hyREk","metadata":{"@type":"type.googleapis.com/google.cloud.functions.v1.OperationMetadataV1","target":"projects/wedding-website-82b88/locations/us-central1/functions/sendRsvpConfirmationEmail","type":"UPDATE_FUNCTION","request":{"@type":"type.googleapis.com/google.cloud.functions.v1.CloudFunction","name":"projects/wedding-website-82b88/locations/us-central1/functions/sendRsvpConfirmationEmail","eventTrigger":{"eventType":"providers/cloud.firestore/eventTypes/document.update","resource":"projects/wedding-website-82b88/databases/(default)/documents/guests/{guestId}","service":"firestore.googleapis.com"},"status":"ACTIVE","entryPoint":"sendRsvpConfirmationEmail","updateTime":"2025-05-27T03:32:14.125Z","versionId":"17","labels":{"deployment-tool":"cli-firebase","firebase-functions-hash":"52892678ed603879fb4ca71adf071b3c3ae74214"},"sourceUploadUrl":"https://storage.googleapis.com/uploads-1048617971119.us-central1.cloudfunctions.appspot.com/4247c30e-ed96-4bcb-a369-6e3b40accc0e.zip?GoogleAccessId=service-483683771975@gcf-admin-robot.iam.gserviceaccount.com&Expires=1748318553&Signature=Ww1lVWu1OSp9XlsktogYXqGZ8Kle99StB34NxpyDk1f4QTIWBGi8RcxDccc%2BuUmLZDUjzfOnAiMsFKtYYHCJWj98DzIaNVqhwnITeD4ksTpKM4WQoAcAWpZ9GrK0LDH4BupITm2r52sx2ZrwM7bZaRqja7yK5D9yxmlPUwB0bnDnRYB8XKR0GEsKjHXAPZOYeTIa%2F9oJ8eIumaX166r3rFbkQkMY0KIISbdILU9wK0hRfMOIJWiDlfN1SbW6hALVBP6ldCWE36ti7oreBe%2F2FfQvSRxz1oij7LPciuk6U6VWJgkP2sAAgbedVHGF5FyjFXXZ%2BvGUJvhCnk%2BjiEzwcQ%3D%3D","environmentVariables":{"FIREBASE_CONFIG":"{\"projectId\":\"wedding-website-82b88\",\"databaseURL\":\"https://wedding-website-82b88-default-rtdb.firebaseio.com\",\"storageBucket\":\"wedding-website-82b88.firebasestorage.app\"}","GCLOUD_PROJECT":"wedding-website-82b88","EVENTARC_CLOUD_EVENT_SOURCE":"projects/wedding-website-82b88/locations/us-central1/functions/sendRsvpConfirmationEmail"},"runtime":"nodejs20","buildId":"63ce31d3-d3d5-4cb9-a3d2-65230014b44c","buildEnvironmentVariables":{"GOOGLE_NODE_RUN_SCRIPTS":""},"buildName":"projects/483683771975/locations/us-central1/builds/63ce31d3-d3d5-4cb9-a3d2-65230014b44c","dockerRegistry":"ARTIFACT_REGISTRY","automaticUpdatePolicy":{},"buildServiceAccount":"projects/wedding-website-82b88/serviceAccounts/483683771975-compute@developer.gserviceaccount.com"},"versionId":"18","updateTime":"2025-05-27T03:32:34Z","buildId":"f381f67c-6f7c-48b6-a59d-5b8825f5210f","buildName":"projects/483683771975/locations/us-central1/builds/f381f67c-6f7c-48b6-a59d-5b8825f5210f"}}
[debug] [2025-05-27T03:33:19.923Z] [update-default-us-central1-sendRsvpConfirmationEmail] Retrying task index 0
[debug] [2025-05-27T03:33:19.923Z] Checked if tokens are valid: true, expires at: 1748318961388
[debug] [2025-05-27T03:33:19.923Z] Checked if tokens are valid: true, expires at: 1748318961388
[debug] [2025-05-27T03:33:19.923Z] >>> [apiv2][query] GET https://cloudfunctions.googleapis.com/v1/operations/d2VkZGluZy13ZWJzaXRlLTgyYjg4L3VzLWNlbnRyYWwxL3NlbmRSc3ZwQ29uZmlybWF0aW9uRW1haWwvNTFMV1FXY3hyREk [none]
[debug] [2025-05-27T03:33:20.076Z] <<< [apiv2][status] GET https://cloudfunctions.googleapis.com/v1/operations/d2VkZGluZy13ZWJzaXRlLTgyYjg4L3VzLWNlbnRyYWwxL3NlbmRSc3ZwQ29uZmlybWF0aW9uRW1haWwvNTFMV1FXY3hyREk 200
[debug] [2025-05-27T03:33:20.076Z] <<< [apiv2][body] GET https://cloudfunctions.googleapis.com/v1/operations/d2VkZGluZy13ZWJzaXRlLTgyYjg4L3VzLWNlbnRyYWwxL3NlbmRSc3ZwQ29uZmlybWF0aW9uRW1haWwvNTFMV1FXY3hyREk {"name":"operations/d2VkZGluZy13ZWJzaXRlLTgyYjg4L3VzLWNlbnRyYWwxL3NlbmRSc3ZwQ29uZmlybWF0aW9uRW1haWwvNTFMV1FXY3hyREk","metadata":{"@type":"type.googleapis.com/google.cloud.functions.v1.OperationMetadataV1","target":"projects/wedding-website-82b88/locations/us-central1/functions/sendRsvpConfirmationEmail","type":"UPDATE_FUNCTION","request":{"@type":"type.googleapis.com/google.cloud.functions.v1.CloudFunction","name":"projects/wedding-website-82b88/locations/us-central1/functions/sendRsvpConfirmationEmail","eventTrigger":{"eventType":"providers/cloud.firestore/eventTypes/document.update","resource":"projects/wedding-website-82b88/databases/(default)/documents/guests/{guestId}","service":"firestore.googleapis.com"},"status":"ACTIVE","entryPoint":"sendRsvpConfirmationEmail","updateTime":"2025-05-27T03:32:14.125Z","versionId":"17","labels":{"deployment-tool":"cli-firebase","firebase-functions-hash":"52892678ed603879fb4ca71adf071b3c3ae74214"},"sourceUploadUrl":"https://storage.googleapis.com/uploads-1048617971119.us-central1.cloudfunctions.appspot.com/4247c30e-ed96-4bcb-a369-6e3b40accc0e.zip?GoogleAccessId=service-483683771975@gcf-admin-robot.iam.gserviceaccount.com&Expires=1748318553&Signature=Ww1lVWu1OSp9XlsktogYXqGZ8Kle99StB34NxpyDk1f4QTIWBGi8RcxDccc%2BuUmLZDUjzfOnAiMsFKtYYHCJWj98DzIaNVqhwnITeD4ksTpKM4WQoAcAWpZ9GrK0LDH4BupITm2r52sx2ZrwM7bZaRqja7yK5D9yxmlPUwB0bnDnRYB8XKR0GEsKjHXAPZOYeTIa%2F9oJ8eIumaX166r3rFbkQkMY0KIISbdILU9wK0hRfMOIJWiDlfN1SbW6hALVBP6ldCWE36ti7oreBe%2F2FfQvSRxz1oij7LPciuk6U6VWJgkP2sAAgbedVHGF5FyjFXXZ%2BvGUJvhCnk%2BjiEzwcQ%3D%3D","environmentVariables":{"FIREBASE_CONFIG":"{\"projectId\":\"wedding-website-82b88\",\"databaseURL\":\"https://wedding-website-82b88-default-rtdb.firebaseio.com\",\"storageBucket\":\"wedding-website-82b88.firebasestorage.app\"}","GCLOUD_PROJECT":"wedding-website-82b88","EVENTARC_CLOUD_EVENT_SOURCE":"projects/wedding-website-82b88/locations/us-central1/functions/sendRsvpConfirmationEmail"},"runtime":"nodejs20","buildId":"63ce31d3-d3d5-4cb9-a3d2-65230014b44c","buildEnvironmentVariables":{"GOOGLE_NODE_RUN_SCRIPTS":""},"buildName":"projects/483683771975/locations/us-central1/builds/63ce31d3-d3d5-4cb9-a3d2-65230014b44c","dockerRegistry":"ARTIFACT_REGISTRY","automaticUpdatePolicy":{},"buildServiceAccount":"projects/wedding-website-82b88/serviceAccounts/483683771975-compute@developer.gserviceaccount.com"},"versionId":"18","updateTime":"2025-05-27T03:32:34Z","buildId":"f381f67c-6f7c-48b6-a59d-5b8825f5210f","sourceToken":"f9394ba2-4ad7-4c48-b114-8e69f1449389","buildName":"projects/483683771975/locations/us-central1/builds/f381f67c-6f7c-48b6-a59d-5b8825f5210f"}}
[debug] [2025-05-27T03:33:20.077Z] Got source token f9394ba2-4ad7-4c48-b114-8e69f1449389 for region us-central1
[debug] [2025-05-27T03:33:30.080Z] [update-default-us-central1-sendRsvpConfirmationEmail] Retrying task index 0
[debug] [2025-05-27T03:33:30.080Z] Checked if tokens are valid: true, expires at: 1748318961388
[debug] [2025-05-27T03:33:30.080Z] Checked if tokens are valid: true, expires at: 1748318961388
[debug] [2025-05-27T03:33:30.080Z] >>> [apiv2][query] GET https://cloudfunctions.googleapis.com/v1/operations/d2VkZGluZy13ZWJzaXRlLTgyYjg4L3VzLWNlbnRyYWwxL3NlbmRSc3ZwQ29uZmlybWF0aW9uRW1haWwvNTFMV1FXY3hyREk [none]
[debug] [2025-05-27T03:33:30.216Z] <<< [apiv2][status] GET https://cloudfunctions.googleapis.com/v1/operations/d2VkZGluZy13ZWJzaXRlLTgyYjg4L3VzLWNlbnRyYWwxL3NlbmRSc3ZwQ29uZmlybWF0aW9uRW1haWwvNTFMV1FXY3hyREk 200
[debug] [2025-05-27T03:33:30.216Z] <<< [apiv2][body] GET https://cloudfunctions.googleapis.com/v1/operations/d2VkZGluZy13ZWJzaXRlLTgyYjg4L3VzLWNlbnRyYWwxL3NlbmRSc3ZwQ29uZmlybWF0aW9uRW1haWwvNTFMV1FXY3hyREk {"name":"operations/d2VkZGluZy13ZWJzaXRlLTgyYjg4L3VzLWNlbnRyYWwxL3NlbmRSc3ZwQ29uZmlybWF0aW9uRW1haWwvNTFMV1FXY3hyREk","metadata":{"@type":"type.googleapis.com/google.cloud.functions.v1.OperationMetadataV1","target":"projects/wedding-website-82b88/locations/us-central1/functions/sendRsvpConfirmationEmail","type":"UPDATE_FUNCTION","request":{"@type":"type.googleapis.com/google.cloud.functions.v1.CloudFunction","name":"projects/wedding-website-82b88/locations/us-central1/functions/sendRsvpConfirmationEmail","eventTrigger":{"eventType":"providers/cloud.firestore/eventTypes/document.update","resource":"projects/wedding-website-82b88/databases/(default)/documents/guests/{guestId}","service":"firestore.googleapis.com"},"status":"ACTIVE","entryPoint":"sendRsvpConfirmationEmail","updateTime":"2025-05-27T03:32:14.125Z","versionId":"17","labels":{"deployment-tool":"cli-firebase","firebase-functions-hash":"52892678ed603879fb4ca71adf071b3c3ae74214"},"sourceUploadUrl":"https://storage.googleapis.com/uploads-1048617971119.us-central1.cloudfunctions.appspot.com/4247c30e-ed96-4bcb-a369-6e3b40accc0e.zip?GoogleAccessId=service-483683771975@gcf-admin-robot.iam.gserviceaccount.com&Expires=1748318553&Signature=Ww1lVWu1OSp9XlsktogYXqGZ8Kle99StB34NxpyDk1f4QTIWBGi8RcxDccc%2BuUmLZDUjzfOnAiMsFKtYYHCJWj98DzIaNVqhwnITeD4ksTpKM4WQoAcAWpZ9GrK0LDH4BupITm2r52sx2ZrwM7bZaRqja7yK5D9yxmlPUwB0bnDnRYB8XKR0GEsKjHXAPZOYeTIa%2F9oJ8eIumaX166r3rFbkQkMY0KIISbdILU9wK0hRfMOIJWiDlfN1SbW6hALVBP6ldCWE36ti7oreBe%2F2FfQvSRxz1oij7LPciuk6U6VWJgkP2sAAgbedVHGF5FyjFXXZ%2BvGUJvhCnk%2BjiEzwcQ%3D%3D","environmentVariables":{"FIREBASE_CONFIG":"{\"projectId\":\"wedding-website-82b88\",\"databaseURL\":\"https://wedding-website-82b88-default-rtdb.firebaseio.com\",\"storageBucket\":\"wedding-website-82b88.firebasestorage.app\"}","GCLOUD_PROJECT":"wedding-website-82b88","EVENTARC_CLOUD_EVENT_SOURCE":"projects/wedding-website-82b88/locations/us-central1/functions/sendRsvpConfirmationEmail"},"runtime":"nodejs20","buildId":"63ce31d3-d3d5-4cb9-a3d2-65230014b44c","buildEnvironmentVariables":{"GOOGLE_NODE_RUN_SCRIPTS":""},"buildName":"projects/483683771975/locations/us-central1/builds/63ce31d3-d3d5-4cb9-a3d2-65230014b44c","dockerRegistry":"ARTIFACT_REGISTRY","automaticUpdatePolicy":{},"buildServiceAccount":"projects/wedding-website-82b88/serviceAccounts/483683771975-compute@developer.gserviceaccount.com"},"versionId":"18","updateTime":"2025-05-27T03:32:34Z","buildId":"f381f67c-6f7c-48b6-a59d-5b8825f5210f","sourceToken":"f9394ba2-4ad7-4c48-b114-8e69f1449389","buildName":"projects/483683771975/locations/us-central1/builds/f381f67c-6f7c-48b6-a59d-5b8825f5210f"}}
[debug] [2025-05-27T03:33:30.216Z] Got source token f9394ba2-4ad7-4c48-b114-8e69f1449389 for region us-central1
[debug] [2025-05-27T03:33:40.230Z] [update-default-us-central1-sendRsvpConfirmationEmail] Retrying task index 0
[debug] [2025-05-27T03:33:40.230Z] Checked if tokens are valid: true, expires at: 1748318961388
[debug] [2025-05-27T03:33:40.231Z] Checked if tokens are valid: true, expires at: 1748318961388
[debug] [2025-05-27T03:33:40.231Z] >>> [apiv2][query] GET https://cloudfunctions.googleapis.com/v1/operations/d2VkZGluZy13ZWJzaXRlLTgyYjg4L3VzLWNlbnRyYWwxL3NlbmRSc3ZwQ29uZmlybWF0aW9uRW1haWwvNTFMV1FXY3hyREk [none]
[debug] [2025-05-27T03:33:40.368Z] <<< [apiv2][status] GET https://cloudfunctions.googleapis.com/v1/operations/d2VkZGluZy13ZWJzaXRlLTgyYjg4L3VzLWNlbnRyYWwxL3NlbmRSc3ZwQ29uZmlybWF0aW9uRW1haWwvNTFMV1FXY3hyREk 200
[debug] [2025-05-27T03:33:40.368Z] <<< [apiv2][body] GET https://cloudfunctions.googleapis.com/v1/operations/d2VkZGluZy13ZWJzaXRlLTgyYjg4L3VzLWNlbnRyYWwxL3NlbmRSc3ZwQ29uZmlybWF0aW9uRW1haWwvNTFMV1FXY3hyREk {"name":"operations/d2VkZGluZy13ZWJzaXRlLTgyYjg4L3VzLWNlbnRyYWwxL3NlbmRSc3ZwQ29uZmlybWF0aW9uRW1haWwvNTFMV1FXY3hyREk","metadata":{"@type":"type.googleapis.com/google.cloud.functions.v1.OperationMetadataV1","target":"projects/wedding-website-82b88/locations/us-central1/functions/sendRsvpConfirmationEmail","type":"UPDATE_FUNCTION","request":{"@type":"type.googleapis.com/google.cloud.functions.v1.CloudFunction","name":"projects/wedding-website-82b88/locations/us-central1/functions/sendRsvpConfirmationEmail","eventTrigger":{"eventType":"providers/cloud.firestore/eventTypes/document.update","resource":"projects/wedding-website-82b88/databases/(default)/documents/guests/{guestId}","service":"firestore.googleapis.com"},"status":"ACTIVE","entryPoint":"sendRsvpConfirmationEmail","updateTime":"2025-05-27T03:32:14.125Z","versionId":"17","labels":{"deployment-tool":"cli-firebase","firebase-functions-hash":"52892678ed603879fb4ca71adf071b3c3ae74214"},"sourceUploadUrl":"https://storage.googleapis.com/uploads-1048617971119.us-central1.cloudfunctions.appspot.com/4247c30e-ed96-4bcb-a369-6e3b40accc0e.zip?GoogleAccessId=service-483683771975@gcf-admin-robot.iam.gserviceaccount.com&Expires=1748318553&Signature=Ww1lVWu1OSp9XlsktogYXqGZ8Kle99StB34NxpyDk1f4QTIWBGi8RcxDccc%2BuUmLZDUjzfOnAiMsFKtYYHCJWj98DzIaNVqhwnITeD4ksTpKM4WQoAcAWpZ9GrK0LDH4BupITm2r52sx2ZrwM7bZaRqja7yK5D9yxmlPUwB0bnDnRYB8XKR0GEsKjHXAPZOYeTIa%2F9oJ8eIumaX166r3rFbkQkMY0KIISbdILU9wK0hRfMOIJWiDlfN1SbW6hALVBP6ldCWE36ti7oreBe%2F2FfQvSRxz1oij7LPciuk6U6VWJgkP2sAAgbedVHGF5FyjFXXZ%2BvGUJvhCnk%2BjiEzwcQ%3D%3D","environmentVariables":{"FIREBASE_CONFIG":"{\"projectId\":\"wedding-website-82b88\",\"databaseURL\":\"https://wedding-website-82b88-default-rtdb.firebaseio.com\",\"storageBucket\":\"wedding-website-82b88.firebasestorage.app\"}","GCLOUD_PROJECT":"wedding-website-82b88","EVENTARC_CLOUD_EVENT_SOURCE":"projects/wedding-website-82b88/locations/us-central1/functions/sendRsvpConfirmationEmail"},"runtime":"nodejs20","buildId":"63ce31d3-d3d5-4cb9-a3d2-65230014b44c","buildEnvironmentVariables":{"GOOGLE_NODE_RUN_SCRIPTS":""},"buildName":"projects/483683771975/locations/us-central1/builds/63ce31d3-d3d5-4cb9-a3d2-65230014b44c","dockerRegistry":"ARTIFACT_REGISTRY","automaticUpdatePolicy":{},"buildServiceAccount":"projects/wedding-website-82b88/serviceAccounts/483683771975-compute@developer.gserviceaccount.com"},"versionId":"18","updateTime":"2025-05-27T03:32:34Z","buildId":"f381f67c-6f7c-48b6-a59d-5b8825f5210f","sourceToken":"f9394ba2-4ad7-4c48-b114-8e69f1449389","buildName":"projects/483683771975/locations/us-central1/builds/f381f67c-6f7c-48b6-a59d-5b8825f5210f"}}
[debug] [2025-05-27T03:33:40.368Z] Got source token f9394ba2-4ad7-4c48-b114-8e69f1449389 for region us-central1
